[debug] [2021-04-04T12:44:09.574Z] ----------------------------------------------------------------------
[debug] [2021-04-04T12:44:09.576Z] Command:       C:\Program Files\nodejs\node.exe C:\Users\imbal\AppData\Roaming\npm\node_modules\firebase-tools\lib\bin\firebase.js deploy
[debug] [2021-04-04T12:44:09.576Z] CLI Version:   9.8.0
[debug] [2021-04-04T12:44:09.576Z] Platform:      win32
[debug] [2021-04-04T12:44:09.576Z] Node Version:  v14.12.0
[debug] [2021-04-04T12:44:09.577Z] Time:          Sun Apr 04 2021 15:44:09 GMT+0300 (Israel Daylight Time)
[debug] [2021-04-04T12:44:09.577Z] ----------------------------------------------------------------------
[debug] 
[debug] [2021-04-04T12:44:09.583Z] > command requires scopes: ["email","openid","https://www.googleapis.com/auth/cloudplatformprojects.readonly","https://www.googleapis.com/auth/firebase","https://www.googleapis.com/auth/cloud-platform"]
[debug] [2021-04-04T12:44:09.583Z] > authorizing via signed-in user
[debug] [2021-04-04T12:44:09.583Z] [iam] checking project amabelle-protfolio for permissions ["firebase.projects.get","firebasehosting.sites.update"]
[debug] [2021-04-04T12:44:09.585Z] > refreshing access token with scopes: ["email","https://www.googleapis.com/auth/cloud-platform","https://www.googleapis.com/auth/cloudplatformprojects.readonly","https://www.googleapis.com/auth/firebase","openid"]
[debug] [2021-04-04T12:44:09.585Z] >>> HTTP REQUEST POST https://www.googleapis.com/oauth2/v3/token  
 <request body omitted>
[debug] [2021-04-04T12:44:15.062Z] <<< HTTP RESPONSE 200 {"date":"Sun, 04 Apr 2021 12:44:12 GMT","pragma":"no-cache","cache-control":"no-cache, no-store, max-age=0, must-revalidate","expires":"Mon, 01 Jan 1990 00:00:00 GMT","content-type":"application/json; charset=utf-8","vary":"X-Origin, Referer, Origin,Accept-Encoding","server":"scaffolding on HTTPServer2","x-xss-protection":"0","x-frame-options":"SAMEORIGIN","x-content-type-options":"nosniff","alt-svc":"h3-29=\":443\"; ma=2592000,h3-T051=\":443\"; ma=2592000,h3-Q050=\":443\"; ma=2592000,h3-Q046=\":443\"; ma=2592000,h3-Q043=\":443\"; ma=2592000,quic=\":443\"; ma=2592000; v=\"46,43\"","accept-ranges":"none","transfer-encoding":"chunked"}
[debug] [2021-04-04T12:44:15.069Z] >>> HTTP REQUEST POST https://cloudresourcemanager.googleapis.com/v1/projects/amabelle-protfolio:testIamPermissions  
 {"permissions":["firebase.projects.get","firebasehosting.sites.update"]}
[debug] [2021-04-04T12:44:33.484Z] <<< HTTP RESPONSE 200 {"content-type":"application/json; charset=UTF-8","vary":"X-Origin, Referer, Origin,Accept-Encoding","date":"Sun, 04 Apr 2021 12:44:30 GMT","server":"ESF","cache-control":"private","x-xss-protection":"0","x-frame-options":"SAMEORIGIN","x-content-type-options":"nosniff","server-timing":"gfet4t7; dur=598","alt-svc":"h3-29=\":443\"; ma=2592000,h3-T051=\":443\"; ma=2592000,h3-Q050=\":443\"; ma=2592000,h3-Q046=\":443\"; ma=2592000,h3-Q043=\":443\"; ma=2592000,quic=\":443\"; ma=2592000; v=\"46,43\"","accept-ranges":"none","transfer-encoding":"chunked"}
[debug] [2021-04-04T12:44:33.488Z] > refreshing access token with scopes: []
[debug] [2021-04-04T12:44:33.488Z] >>> HTTP REQUEST POST https://www.googleapis.com/oauth2/v3/token  
 <request body omitted>
[debug] [2021-04-04T12:44:38.632Z] <<< HTTP RESPONSE 200 {"expires":"Mon, 01 Jan 1990 00:00:00 GMT","date":"Sun, 04 Apr 2021 12:44:35 GMT","cache-control":"no-cache, no-store, max-age=0, must-revalidate","pragma":"no-cache","content-type":"application/json; charset=utf-8","vary":"X-Origin, Referer, Origin,Accept-Encoding","server":"scaffolding on HTTPServer2","x-xss-protection":"0","x-frame-options":"SAMEORIGIN","x-content-type-options":"nosniff","alt-svc":"h3-29=\":443\"; ma=2592000,h3-T051=\":443\"; ma=2592000,h3-Q050=\":443\"; ma=2592000,h3-Q046=\":443\"; ma=2592000,h3-Q043=\":443\"; ma=2592000,quic=\":443\"; ma=2592000; v=\"46,43\"","accept-ranges":"none","transfer-encoding":"chunked"}
[debug] [2021-04-04T12:44:38.641Z] >>> [apiv2][query] GET https://firebase.googleapis.com/v1beta1/projects/amabelle-protfolio [none]
[debug] [2021-04-04T12:45:08.646Z] Timeout reached making request to https://firebase.googleapis.com/v1beta1/projects/amabelle-protfolio
[debug] [2021-04-04T12:45:11.893Z] FirebaseError: Timeout reached making request to https://firebase.googleapis.com/v1beta1/projects/amabelle-protfolio
    at Client.doRequest (C:\Users\imbal\AppData\Roaming\npm\node_modules\firebase-tools\lib\apiv2.js:209:23)
    at processTicksAndRejections (internal/process/task_queues.js:93:5)
    at async Client.request (C:\Users\imbal\AppData\Roaming\npm\node_modules\firebase-tools\lib\apiv2.js:96:20)
    at async Object.getFirebaseProject (C:\Users\imbal\AppData\Roaming\npm\node_modules\firebase-tools\lib\management\projects.js:289:21)
    at async Object.getDefaultHostingSite (C:\Users\imbal\AppData\Roaming\npm\node_modules\firebase-tools\lib\getDefaultHostingSite.js:8:21)
    at async requireHostingSite (C:\Users\imbal\AppData\Roaming\npm\node_modules\firebase-tools\lib\requireHostingSite.js:9:18)
    at async Object.fn (C:\Users\imbal\AppData\Roaming\npm\node_modules\firebase-tools\lib\commands\deploy.js:66:9)
    at async C:\Users\imbal\AppData\Roaming\npm\node_modules\firebase-tools\lib\command.js:161:17
[error] 
[error] Error: Failed to get Firebase project amabelle-protfolio. Please make sure the project exists and your account has permission to access it.
